[INFO] Scanning for projects...
[INFO] 
[INFO] ---------------------------< Diaz.Dev:BFlow >---------------------------
[INFO] Building BFlow 0.0.1-SNAPSHOT
[INFO]   from pom.xml
[INFO] --------------------------------[ jar ]---------------------------------
[INFO] 
[INFO] >>> spring-boot:3.5.8:run (default-cli) > test-compile @ BFlow >>>
[INFO] 
[INFO] --- jacoco:0.8.10:prepare-agent (default) @ BFlow ---
[INFO] argLine set to -javaagent:/home/vscode/.m2/repository/org/jacoco/org.jacoco.agent/0.8.10/org.jacoco.agent-0.8.10-runtime.jar=destfile=/workspaces/BFlow-Backend/target/jacoco.exec
[INFO] 
[INFO] --- resources:3.3.1:resources (default-resources) @ BFlow ---
[INFO] Copying 1 resource from src/main/resources to target/classes
[INFO] Copying 2 resources from src/main/resources to target/classes
[INFO] 
[INFO] --- compiler:3.14.1:compile (default-compile) @ BFlow ---
[INFO] Recompiling the module because of changed source code.
[INFO] Compiling 73 source files with javac [debug parameters release 17] to target/classes
[INFO] /workspaces/BFlow-Backend/src/main/java/bflow/auth/security/jwt/JwtServiceImpl.java: /workspaces/BFlow-Backend/src/main/java/bflow/auth/security/jwt/JwtServiceImpl.java uses unchecked or unsafe operations.
[INFO] /workspaces/BFlow-Backend/src/main/java/bflow/auth/security/jwt/JwtServiceImpl.java: Recompile with -Xlint:unchecked for details.
[INFO] 
[INFO] --- resources:3.3.1:testResources (default-testResources) @ BFlow ---
[INFO] Copying 2 resources from src/test/resources to target/test-classes
[INFO] 
[INFO] --- compiler:3.14.1:testCompile (default-testCompile) @ BFlow ---
[INFO] Recompiling the module because of changed dependency.
[INFO] Compiling 18 source files with javac [debug parameters release 17] to target/test-classes
[INFO] /workspaces/BFlow-Backend/src/test/java/Diaz/Dev/BFlow/auth/security/OAuth2SuccessHandlerTest.java: Some input files use unchecked or unsafe operations.
[INFO] /workspaces/BFlow-Backend/src/test/java/Diaz/Dev/BFlow/auth/security/OAuth2SuccessHandlerTest.java: Recompile with -Xlint:unchecked for details.
[INFO] 
[INFO] <<< spring-boot:3.5.8:run (default-cli) < test-compile @ BFlow <<<
[INFO] 
[INFO] 
[INFO] --- spring-boot:3.5.8:run (default-cli) @ BFlow ---
[INFO] Attaching agents: []

  .   ____          _            __ _ _
 /\\ / ___'_ __ _ _(_)_ __  __ _ \ \ \ \
( ( )\___ | '_ | '_| | '_ \/ _` | \ \ \ \
 \\/  ___)| |_)| | | | | || (_| |  ) ) ) )
  '  |____| .__|_| |_|_| |_\__, | / / / /
 =========|_|==============|___/=/_/_/_/

 :: Spring Boot ::                (v3.5.8)

2026-02-13T02:57:17.799Z  INFO 38000 --- [BFlow] [           main] bflow.BFlowApplication                   : Starting BFlowApplication using Java 21.0.8 with PID 38000 (/workspaces/BFlow-Backend/target/classes started by vscode in /workspaces/BFlow-Backend)
2026-02-13T02:57:17.803Z  INFO 38000 --- [BFlow] [           main] bflow.BFlowApplication                   : No active profile set, falling back to 1 default profile: "default"
2026-02-13T02:57:20.564Z  INFO 38000 --- [BFlow] [           main] .s.d.r.c.RepositoryConfigurationDelegate : Bootstrapping Spring Data JPA repositories in DEFAULT mode.
2026-02-13T02:57:21.120Z  INFO 38000 --- [BFlow] [           main] .s.d.r.c.RepositoryConfigurationDelegate : Finished Spring Data repository scanning in 529 ms. Found 5 JPA repository interfaces.
2026-02-13T02:57:22.622Z  INFO 38000 --- [BFlow] [           main] o.s.b.w.embedded.tomcat.TomcatWebServer  : Tomcat initialized with port 8080 (http)
2026-02-13T02:57:22.659Z  INFO 38000 --- [BFlow] [           main] o.apache.catalina.core.StandardService   : Starting service [Tomcat]
2026-02-13T02:57:22.659Z  INFO 38000 --- [BFlow] [           main] o.apache.catalina.core.StandardEngine    : Starting Servlet engine: [Apache Tomcat/10.1.49]
2026-02-13T02:57:22.771Z  INFO 38000 --- [BFlow] [           main] o.a.c.c.C.[Tomcat].[localhost].[/]       : Initializing Spring embedded WebApplicationContext
2026-02-13T02:57:22.772Z  INFO 38000 --- [BFlow] [           main] w.s.c.ServletWebServerApplicationContext : Root WebApplicationContext: initialization completed in 4876 ms
2026-02-13T02:57:23.546Z  INFO 38000 --- [BFlow] [           main] o.hibernate.jpa.internal.util.LogHelper  : HHH000204: Processing PersistenceUnitInfo [name: default]
2026-02-13T02:57:23.838Z  INFO 38000 --- [BFlow] [           main] org.hibernate.Version                    : HHH000412: Hibernate ORM core version 6.6.36.Final
2026-02-13T02:57:23.998Z  INFO 38000 --- [BFlow] [           main] o.h.c.internal.RegionFactoryInitiator    : HHH000026: Second-level cache disabled
2026-02-13T02:57:25.357Z  INFO 38000 --- [BFlow] [           main] o.s.o.j.p.SpringPersistenceUnitInfo      : No LoadTimeWeaver setup: ignoring JPA class transformer
2026-02-13T02:57:25.514Z  INFO 38000 --- [BFlow] [           main] com.zaxxer.hikari.HikariDataSource       : HikariPool-1 - Starting...
2026-02-13T02:57:27.452Z  INFO 38000 --- [BFlow] [           main] com.zaxxer.hikari.pool.HikariPool        : HikariPool-1 - Added connection org.postgresql.jdbc.PgConnection@37d3aa8c
2026-02-13T02:57:27.457Z  INFO 38000 --- [BFlow] [           main] com.zaxxer.hikari.HikariDataSource       : HikariPool-1 - Start completed.
2026-02-13T02:57:27.653Z  WARN 38000 --- [BFlow] [           main] org.hibernate.orm.deprecation            : HHH90000025: PostgreSQLDialect does not need to be specified explicitly using 'hibernate.dialect' (remove the property setting and it will be selected by default)
2026-02-13T02:57:28.086Z  INFO 38000 --- [BFlow] [           main] org.hibernate.orm.connections.pooling    : HHH10001005: Database info:
	Database JDBC URL [Connecting through datasource 'HikariDataSource (HikariPool-1)']
	Database driver: undefined/unknown
	Database version: 17.6
	Autocommit mode: undefined/unknown
	Isolation level: undefined/unknown
	Minimum pool size: undefined/unknown
	Maximum pool size: undefined/unknown
2026-02-13T02:57:31.763Z  INFO 38000 --- [BFlow] [           main] o.h.e.t.j.p.i.JtaPlatformInitiator       : HHH000489: No JTA platform available (set 'hibernate.transaction.jta.platform' to enable JTA platform integration)
2026-02-13T02:57:34.514Z  INFO 38000 --- [BFlow] [           main] j.LocalContainerEntityManagerFactoryBean : Initialized JPA EntityManagerFactory for persistence unit 'default'
2026-02-13T02:57:35.148Z  INFO 38000 --- [BFlow] [           main] o.s.d.j.r.query.QueryEnhancerFactory     : Hibernate is in classpath; If applicable, HQL parser will be used.
2026-02-13T02:57:38.188Z  INFO 38000 --- [BFlow] [           main] o.s.b.w.embedded.tomcat.TomcatWebServer  : Tomcat started on port 8080 (http) with context path '/'
2026-02-13T02:57:38.196Z  INFO 38000 --- [BFlow] [           main] bflow.BFlowApplication                   : Started BFlowApplication in 21.494 seconds (process running for 22.078)
