nohup: ignoring input
[INFO] Scanning for projects...
[INFO] 
[INFO] ---------------------------< Diaz.Dev:BFlow >---------------------------
[INFO] Building BFlow 0.0.1-SNAPSHOT
[INFO]   from pom.xml
[INFO] --------------------------------[ jar ]---------------------------------
[INFO] 
[INFO] >>> spring-boot:3.5.8:run (default-cli) > test-compile @ BFlow >>>
[INFO] 
[INFO] --- jacoco:0.8.10:prepare-agent (default) @ BFlow ---
[INFO] argLine set to -javaagent:/home/vscode/.m2/repository/org/jacoco/org.jacoco.agent/0.8.10/org.jacoco.agent-0.8.10-runtime.jar=destfile=/workspaces/BFlow-Backend/target/jacoco.exec
[INFO] 
[INFO] --- resources:3.3.1:resources (default-resources) @ BFlow ---
[INFO] Copying 1 resource from src/main/resources to target/classes
[INFO] Copying 2 resources from src/main/resources to target/classes
[INFO] 
[INFO] --- compiler:3.14.1:compile (default-compile) @ BFlow ---
[INFO] Nothing to compile - all classes are up to date.
[INFO] 
[INFO] --- resources:3.3.1:testResources (default-testResources) @ BFlow ---
[INFO] Copying 2 resources from src/test/resources to target/test-classes
[INFO] 
[INFO] --- compiler:3.14.1:testCompile (default-testCompile) @ BFlow ---
[INFO] Nothing to compile - all classes are up to date.
[INFO] 
[INFO] <<< spring-boot:3.5.8:run (default-cli) < test-compile @ BFlow <<<
[INFO] 
[INFO] 
[INFO] --- spring-boot:3.5.8:run (default-cli) @ BFlow ---
[INFO] Attaching agents: []

  .   ____          _            __ _ _
 /\\ / ___'_ __ _ _(_)_ __  __ _ \ \ \ \
( ( )\___ | '_ | '_| | '_ \/ _` | \ \ \ \
 \\/  ___)| |_)| | | | | || (_| |  ) ) ) )
  '  |____| .__|_| |_|_| |_\__, | / / / /
 =========|_|==============|___/=/_/_/_/

 :: Spring Boot ::                (v3.5.8)

2026-02-13T02:59:44.984Z  INFO 39552 --- [BFlow] [           main] bflow.BFlowApplication                   : Starting BFlowApplication using Java 21.0.8 with PID 39552 (/workspaces/BFlow-Backend/target/classes started by vscode in /workspaces/BFlow-Backend)
2026-02-13T02:59:44.989Z  INFO 39552 --- [BFlow] [           main] bflow.BFlowApplication                   : No active profile set, falling back to 1 default profile: "default"
2026-02-13T02:59:47.734Z  INFO 39552 --- [BFlow] [           main] .s.d.r.c.RepositoryConfigurationDelegate : Bootstrapping Spring Data JPA repositories in DEFAULT mode.
2026-02-13T02:59:48.326Z  INFO 39552 --- [BFlow] [           main] .s.d.r.c.RepositoryConfigurationDelegate : Finished Spring Data repository scanning in 565 ms. Found 5 JPA repository interfaces.
2026-02-13T02:59:49.897Z  INFO 39552 --- [BFlow] [           main] o.s.b.w.embedded.tomcat.TomcatWebServer  : Tomcat initialized with port 8080 (http)
2026-02-13T02:59:49.929Z  INFO 39552 --- [BFlow] [           main] o.apache.catalina.core.StandardService   : Starting service [Tomcat]
2026-02-13T02:59:49.929Z  INFO 39552 --- [BFlow] [           main] o.apache.catalina.core.StandardEngine    : Starting Servlet engine: [Apache Tomcat/10.1.49]
2026-02-13T02:59:50.027Z  INFO 39552 --- [BFlow] [           main] o.a.c.c.C.[Tomcat].[localhost].[/]       : Initializing Spring embedded WebApplicationContext
2026-02-13T02:59:50.028Z  INFO 39552 --- [BFlow] [           main] w.s.c.ServletWebServerApplicationContext : Root WebApplicationContext: initialization completed in 4956 ms
2026-02-13T02:59:51.898Z  INFO 39552 --- [BFlow] [           main] o.hibernate.jpa.internal.util.LogHelper  : HHH000204: Processing PersistenceUnitInfo [name: default]
2026-02-13T02:59:52.157Z  INFO 39552 --- [BFlow] [           main] org.hibernate.Version                    : HHH000412: Hibernate ORM core version 6.6.36.Final
2026-02-13T02:59:52.298Z  INFO 39552 --- [BFlow] [           main] o.h.c.internal.RegionFactoryInitiator    : HHH000026: Second-level cache disabled
2026-02-13T02:59:53.533Z  INFO 39552 --- [BFlow] [           main] o.s.o.j.p.SpringPersistenceUnitInfo      : No LoadTimeWeaver setup: ignoring JPA class transformer
2026-02-13T02:59:53.660Z  INFO 39552 --- [BFlow] [           main] com.zaxxer.hikari.HikariDataSource       : HikariPool-1 - Starting...
2026-02-13T02:59:55.700Z  INFO 39552 --- [BFlow] [           main] com.zaxxer.hikari.pool.HikariPool        : HikariPool-1 - Added connection org.postgresql.jdbc.PgConnection@3caf5c96
2026-02-13T02:59:55.705Z  INFO 39552 --- [BFlow] [           main] com.zaxxer.hikari.HikariDataSource       : HikariPool-1 - Start completed.
2026-02-13T02:59:55.916Z  WARN 39552 --- [BFlow] [           main] org.hibernate.orm.deprecation            : HHH90000025: PostgreSQLDialect does not need to be specified explicitly using 'hibernate.dialect' (remove the property setting and it will be selected by default)
2026-02-13T02:59:56.298Z  INFO 39552 --- [BFlow] [           main] org.hibernate.orm.connections.pooling    : HHH10001005: Database info:
	Database JDBC URL [Connecting through datasource 'HikariDataSource (HikariPool-1)']
	Database driver: undefined/unknown
	Database version: 17.6
	Autocommit mode: undefined/unknown
	Isolation level: undefined/unknown
	Minimum pool size: undefined/unknown
	Maximum pool size: undefined/unknown
2026-02-13T02:59:59.778Z  INFO 39552 --- [BFlow] [           main] o.h.e.t.j.p.i.JtaPlatformInitiator       : HHH000489: No JTA platform available (set 'hibernate.transaction.jta.platform' to enable JTA platform integration)
2026-02-13T03:00:04.636Z  INFO 39552 --- [BFlow] [           main] j.LocalContainerEntityManagerFactoryBean : Initialized JPA EntityManagerFactory for persistence unit 'default'
2026-02-13T03:00:05.198Z  INFO 39552 --- [BFlow] [           main] o.s.d.j.r.query.QueryEnhancerFactory     : Hibernate is in classpath; If applicable, HQL parser will be used.
2026-02-13T03:00:08.283Z  INFO 39552 --- [BFlow] [           main] o.s.b.w.embedded.tomcat.TomcatWebServer  : Tomcat started on port 8080 (http) with context path '/'
2026-02-13T03:00:08.290Z  INFO 39552 --- [BFlow] [           main] bflow.BFlowApplication                   : Started BFlowApplication in 24.411 seconds (process running for 25.015)
2026-02-13T03:00:36.249Z  INFO 39552 --- [BFlow] [nio-8080-exec-1] o.a.c.c.C.[Tomcat].[localhost].[/]       : Initializing Spring DispatcherServlet 'dispatcherServlet'
2026-02-13T03:00:36.250Z  INFO 39552 --- [BFlow] [nio-8080-exec-1] o.s.web.servlet.DispatcherServlet        : Initializing Servlet 'dispatcherServlet'
2026-02-13T03:00:36.251Z  INFO 39552 --- [BFlow] [nio-8080-exec-1] o.s.web.servlet.DispatcherServlet        : Completed initialization in 1 ms
[INFO] ------------------------------------------------------------------------
[INFO] BUILD FAILURE
[INFO] ------------------------------------------------------------------------
[INFO] Total time:  15:45 min
[INFO] Finished at: 2026-02-13T03:15:23Z
[INFO] ------------------------------------------------------------------------
[ERROR] Failed to execute goal org.springframework.boot:spring-boot-maven-plugin:3.5.8:run (default-cli) on project BFlow: Process terminated with exit code: 137 -> [Help 1]
[ERROR] 
[ERROR] To see the full stack trace of the errors, re-run Maven with the -e switch.
[ERROR] Re-run Maven using the -X switch to enable full debug logging.
[ERROR] 
[ERROR] For more information about the errors and possible solutions, please read the following articles:
[ERROR] [Help 1] http://cwiki.apache.org/confluence/display/MAVEN/MojoExecutionException
